<?xml version="1.0" encoding="UTF-8"?>
<testng-results ignored="0" total="1" passed="1" failed="0" skipped="0">
  <reporter-output>
  </reporter-output>
  <suite started-at="2021-01-24T14:37:53 IST" name="Default suite" finished-at="2021-01-24T14:37:54 IST" duration-ms="84">
    <groups>
    </groups>
    <test started-at="2021-01-24T14:37:53 IST" name="Default test" finished-at="2021-01-24T14:37:54 IST" duration-ms="84">
      <class name="com.pack.testPrograms.testProgram">
        <test-method signature="TEST_001()[pri:0, instance:com.pack.testPrograms.testProgram@f2ff811]" started-at="2021-01-24T14:37:54 IST" name="TEST_001" finished-at="2021-01-24T14:37:54 IST" duration-ms="15" status="PASS">
          <reporter-output>
          </reporter-output>
        </test-method> <!-- TEST_001 -->
      </class> <!-- com.pack.testPrograms.testProgram -->
    </test> <!-- Default test -->
  </suite> <!-- Default suite -->
</testng-results>
